2017/06/26 23:04:26.469729 DEBUG::<?xml version="1.0"?>
<TestManager name="Manager">
    <Param name='Domain' type='string' comment='Running in Domain'>github.com/go-QA/goQA</Param>
    <Param name='OS' type='string' comment='Operating System'>Win64</Param>

   <TestSuite name="suite1" class="DefaultSuite">
    <Param name='SuiteMaxTime' type='int' comment='Max time for suite to run before timeout expires'>100</Param>

     <TestCase name="test1" class="test1">
      <Param name='val1' type='float' comment='val1 is float'>11.11</Param>
      <Param name='val2' type='int' comment="val2 is integer">55</Param>
      <Param name='val3' type='string' comment='val3 is string'>hello there test1</Param>
    </TestCase>

     <TestCase name="test2" class="test2">
      <Param name='val1' type='float' comment='val1 is float'>111.111</Param>
      <Param name='val2' type='int' comment="val2 is integer">550</Param>
      <Param name='val3' type='string' comment='val3 is string'>hello there test2</Param>
    </TestCase>

      <TestCase name="test3" class="test3">
      <Param name='val1' type='float' comment='val1 is float'>1111.1111</Param>
      <Param name='val2' type='int'  comment="val2 is integer">5550</Param>
      <Param name='val3' type='string' comment='val3 is string'>hello there test3</Param>
    </TestCase>
  </TestSuite>

   <TestSuite name="suite2" class="DefaultSuite">
    <Param name='SuiteMaxTime' type='int' comment='Max time for suite to run before timeout expires'>200</Param>

     <TestCase name="test1" class="test1">
      <Param name='val1' type='float' comment='val1 is float'>22.22</Param>
      <Param name='val2' type='int' comment="val2 is integer">66</Param>
      <Param name='val3' type='string' comment='val3 is string'>hello there suite2_test1</Param>
    </TestCase>

     <TestCase name="test2" class="test2">
      <Param name='val1' type='float' comment='val1 is float'>222.222</Param>
      <Param name='val2' type='int' comment="val2 is integer">600</Param>
      <Param name='val3' type='string' comment='val3 is string'>hello there suite2_test2</Param>
    </TestCase>

      <TestCase name="test3" class="test3">
      <Param name='val1' type='float' comment='val1 is float'>2222.2222</Param>
      <Param name='val2' type='int' comment="val2 is integer">6660</Param>
      <Param name='val3' type='string' comment='val3 is string'>hello there suite2_test3</Param>
    </TestCase>

  </TestSuite>
</TestManager>
2017/06/26 23:04:26.470728 DEBUG::&{{ TestManager} Manager [{Domain string Running in Domain github.com/go-QA/goQA} {OS string Operating System Win64}] [{suite1 DefaultSuite [{SuiteMaxTime int Max time for suite to run before timeout expires 100}] [{test1 test1 [{val1 float val1 is float 11.11} {val2 int val2 is integer 55} {val3 string val3 is string hello there test1}]} {test2 test2 [{val1 float val1 is float 111.111} {val2 int val2 is integer 550} {val3 string val3 is string hello there test2}]} {test3 test3 [{val1 float val1 is float 1111.1111} {val2 int val2 is integer 5550} {val3 string val3 is string hello there test3}]}]} {suite2 DefaultSuite [{SuiteMaxTime int Max time for suite to run before timeout expires 200}] [{test1 test1 [{val1 float val1 is float 22.22} {val2 int val2 is integer 66} {val3 string val3 is string hello there suite2_test1}]} {test2 test2 [{val1 float val1 is float 222.222} {val2 int val2 is integer 600} {val3 string val3 is string hello there suite2_test2}]} {test3 test3 [{val1 float val1 is float 2222.2222} {val2 int val2 is integer 6660} {val3 string val3 is string hello there suite2_test3}]}]}]}
2017/06/26 23:04:26.470728 DEBUG::MANAGERPARAM name=Domain, type=string,value= github.com/go-QA/goQA, comment=Running in Domain
2017/06/26 23:04:26.470728 DEBUG::MANAGERPARAM name=OS, type=string,value= Win64, comment=Operating System
2017/06/26 23:04:26.470728 DEBUG::SUITEPARAM name=SuiteMaxTime, type=int,value= 100, comment=Max time for suite to run before timeout expires
2017/06/26 23:04:26.470728 DEBUG::TESTPARAM name=val1, type=float,value= 11.11, comment=val1 is float
2017/06/26 23:04:26.470728 DEBUG::TESTPARAM name=val2, type=int,value= 55, comment=val2 is integer
2017/06/26 23:04:26.470728 DEBUG::TESTPARAM name=val3, type=string,value= hello there test1, comment=val3 is string
2017/06/26 23:04:26.470728 DEBUG::TESTPARAM name=val1, type=float,value= 111.111, comment=val1 is float
2017/06/26 23:04:26.470728 DEBUG::TESTPARAM name=val2, type=int,value= 550, comment=val2 is integer
2017/06/26 23:04:26.470728 DEBUG::TESTPARAM name=val3, type=string,value= hello there test2, comment=val3 is string
2017/06/26 23:04:26.470728 DEBUG::TESTPARAM name=val1, type=float,value= 1111.1111, comment=val1 is float
2017/06/26 23:04:26.470728 DEBUG::TESTPARAM name=val2, type=int,value= 5550, comment=val2 is integer
2017/06/26 23:04:26.470728 DEBUG::TESTPARAM name=val3, type=string,value= hello there test3, comment=val3 is string
2017/06/26 23:04:26.470728 DEBUG::SUITEPARAM name=SuiteMaxTime, type=int,value= 200, comment=Max time for suite to run before timeout expires
2017/06/26 23:04:26.470728 DEBUG::TESTPARAM name=val1, type=float,value= 22.22, comment=val1 is float
2017/06/26 23:04:26.470728 DEBUG::TESTPARAM name=val2, type=int,value= 66, comment=val2 is integer
2017/06/26 23:04:26.470728 DEBUG::TESTPARAM name=val3, type=string,value= hello there suite2_test1, comment=val3 is string
2017/06/26 23:04:26.470728 DEBUG::TESTPARAM name=val1, type=float,value= 222.222, comment=val1 is float
2017/06/26 23:04:26.470728 DEBUG::TESTPARAM name=val2, type=int,value= 600, comment=val2 is integer
2017/06/26 23:04:26.470728 DEBUG::TESTPARAM name=val3, type=string,value= hello there suite2_test2, comment=val3 is string
2017/06/26 23:04:26.470728 DEBUG::TESTPARAM name=val1, type=float,value= 2222.2222, comment=val1 is float
2017/06/26 23:04:26.470728 DEBUG::TESTPARAM name=val2, type=int,value= 6660, comment=val2 is integer
2017/06/26 23:04:26.470728 DEBUG::TESTPARAM name=val3, type=string,value= hello there suite2_test3, comment=val3 is string
2017/06/26 23:04:26.470728 MSG::Running all suitess...
2017/06/26 23:04:26.470728 MSG::Running  Suite 'suite1'

2017/06/26 23:04:26.470728 MSG::SUITE(suite1) SETUP::Status = 0::Message=
2017/06/26 23:04:26.470728 MSG::Running test 'test1'
2017/06/26 23:04:26.470728 MSG::Running test 'test2'
2017/06/26 23:04:26.470728 MSG::Running test 'test3'
2017/06/26 23:04:26.470728 MSG::TestManager->setup::results=3
2017/06/26 23:04:26.470728 PASS::verify val1
2017/06/26 23:04:26.470728 PASS::verify val2
2017/06/26 23:04:26.470728 PASS::verify val3
2017/06/26 23:04:26.470728 MSG::test test3 ran 3 check points with failure rate of 0.000
2017/06/26 23:04:26.470728 MSG::TestManager->Run::results=3
2017/06/26 23:04:26.470728 MSG::TestManager->Teardown::results=3
2017/06/26 23:04:26.470728 MSG::TestManager->setup::results=3
2017/06/26 23:04:26.470728 PASS::Verify Operating System passed by Test Manager
2017/06/26 23:04:26.470728 PASS::Verify Operating System passed by Test Manager
2017/06/26 23:04:26.470728 PASS::Verify Suite passes parameters to test
2017/06/26 23:04:26.470728 PASS::verify val1
2017/06/26 23:04:26.470728 PASS::verify val2
2017/06/26 23:04:26.470728 PASS::verify val3
2017/06/26 23:04:26.470728 MSG::test test1 ran 6 check points with failure rate of 0.000
2017/06/26 23:04:26.470728 MSG::TestManager->Run::results=3
2017/06/26 23:04:26.470728 MSG::TestManager->Teardown::results=3
2017/06/26 23:04:26.470728 MSG::TestManager->setup::results=3
2017/06/26 23:04:26.470728 PASS::verify val1
2017/06/26 23:04:26.470728 PASS::verify val2
2017/06/26 23:04:26.470728 PASS::verify val3
2017/06/26 23:04:26.470728 MSG::test test2 ran 3 check points with failure rate of 0.000
2017/06/26 23:04:26.470728 MSG::TestManager->Run::results=3
2017/06/26 23:04:26.470728 MSG::TestManager->Teardown::results=3
2017/06/26 23:04:26.470728 MSG::SUITE(suite1) TEARDOWN::Status = 0::Message=
2017/06/26 23:04:26.470728 MSG::Running  Suite 'suite2'

2017/06/26 23:04:26.470728 MSG::SUITE(suite2) SETUP::Status = 0::Message=
2017/06/26 23:04:26.470728 MSG::Running test 'test1'
2017/06/26 23:04:26.470728 MSG::Running test 'test2'
2017/06/26 23:04:26.470728 MSG::Running test 'test3'
2017/06/26 23:04:26.470728 MSG::TestManager->setup::results=3
2017/06/26 23:04:26.470728 FAIL::Expected 1111.1111 but got 2222.222200 instead
2017/06/26 23:04:26.470728 FAIL::Expected 5550 but got 6660 instead
2017/06/26 23:04:26.470728 FAIL::Expected 'hello there test3' but got 'hello there suite2_test3' instead
2017/06/26 23:04:26.470728 MSG::test test3 ran 3 check points with failure rate of 100.000
2017/06/26 23:04:26.470728 MSG::TestManager->Run::results=4
2017/06/26 23:04:26.470728 MSG::TestManager->Teardown::results=3
2017/06/26 23:04:26.470728 MSG::TestManager->setup::results=3
2017/06/26 23:04:26.470728 PASS::Verify Operating System passed by Test Manager
2017/06/26 23:04:26.470728 PASS::Verify Operating System passed by Test Manager
2017/06/26 23:04:26.470728 PASS::Verify Suite passes parameters to test
2017/06/26 23:04:26.470728 FAIL::Expected 11.11 but got 22.220000 instead
2017/06/26 23:04:26.470728 FAIL::Expected 55 but got 66 instead
2017/06/26 23:04:26.470728 FAIL::Expected 'hello there test1' but got 'hello there suite2_test1' instead
2017/06/26 23:04:26.470728 MSG::test test1 ran 6 check points with failure rate of 50.000
2017/06/26 23:04:26.470728 MSG::TestManager->Run::results=4
2017/06/26 23:04:26.470728 MSG::TestManager->Teardown::results=3
2017/06/26 23:04:26.470728 MSG::TestManager->setup::results=3
2017/06/26 23:04:26.470728 FAIL::Expected 111.111 but got 222.222000 instead
2017/06/26 23:04:26.470728 FAIL::Expected 550 but got 600 instead
2017/06/26 23:04:26.470728 FAIL::Expected 'hello there test2' but got 'hello there suite2_test2' instead
2017/06/26 23:04:26.470728 MSG::test test2 ran 3 check points with failure rate of 100.000
2017/06/26 23:04:26.470728 MSG::TestManager->Run::results=4
2017/06/26 23:04:26.470728 MSG::TestManager->Teardown::results=3
2017/06/26 23:04:26.470728 MSG::SUITE(suite2) TEARDOWN::Status = 0::Message=
2017/06/26 23:04:26.470728 MSG::

-----------------------------------------------------------------------


                        Test Run Report 'Test Manager'

                             2017-06-26 23:04:26




            Summary Report:

TOTAL STATISTICS     Test Manager (0.00 sec)

Suites: Total   2, Passed   2, Failed   0, Error   0, SetUp failed   0, SetUp error   0, Not Found   0
 Tests: Total   6, Passed   3, Failed   3, Error   0, SetUp failed   0, SetUp error   0, Not Found   0


            Suite Summary:

SUITE STATISTICS     suite1 (0.00 sec)

Tests: Total   3, Passed   3, Failed   0, Error   0, SetUp failed   0, SetUp error   0, Not Found   0


               Test Results suite1

TEST PASSED          test3 (0.00 sec) Test complete
TEST PASSED          test1 (0.00 sec) Test complete
TEST PASSED          test2 (0.00 sec) Test complete


-----------------------------------------------------------------------


SUITE STATISTICS     suite2 (0.00 sec)

Tests: Total   3, Passed   0, Failed   3, Error   0, SetUp failed   0, SetUp error   0, Not Found   0


               Test Results suite2

TEST FAILED          test3 (0.00 sec) Test complete
TEST FAILED          test1 (0.00 sec) Test complete
TEST FAILED          test2 (0.00 sec) Test complete


-----------------------------------------------------------------------


